Build started 2017/6/3 20:47:38.
     1>Project "D:\paopaoTalk\MarkerLessAR_ygx\MarkerlessAR\MarkerAR\MarkerAR.vcxproj" on node 2 (build target(s)).
     1>InitializeBuildStatus:
         Creating "Release\MarkerAR.unsuccessfulbuild" because "AlwaysCreate" was specified.
       ClCompile:
         D:\YgxSoftware\Microsoft Visual Studio 10.0\VC\bin\CL.exe /c /Zi /nologo /W3 /WX- /Ox /Oi /Oy- /GL /D WIN32 /D NDEBUG /D _CONSOLE /D _UNICODE /D UNICODE /Gm- /EHsc /MD /GS /Gy /fp:precise /Zc:wchar_t /Zc:forScope /Fo"Release\\" /Fd"Release\vc100.pdb" /Gd /TP /analyze- /errorReport:prompt main.cpp
         main.cpp
     1>main.cpp(94): warning C4244: '=' : conversion from 'int' to 'float', possible loss of data
     1>main.cpp(96): warning C4244: '=' : conversion from 'int' to 'float', possible loss of data
     1>main.cpp(110): warning C4244: '=' : conversion from 'int' to 'float', possible loss of data
     1>main.cpp(112): warning C4244: '=' : conversion from 'int' to 'float', possible loss of data
     1>main.cpp(122): warning C4244: '=' : conversion from 'float' to 'int', possible loss of data
     1>main.cpp(124): warning C4244: '=' : conversion from 'float' to 'int', possible loss of data
     1>main.cpp(208): warning C4018: '>=' : signed/unsigned mismatch
       Link:
         D:\YgxSoftware\Microsoft Visual Studio 10.0\VC\bin\link.exe /ERRORREPORT:PROMPT /OUT:"D:\paopaoTalk\MarkerLessAR_ygx\MarkerlessAR\Release\MarkerAR.exe" /INCREMENTAL:NO /NOLOGO opencv_calib3d243.lib opencv_contrib243.lib opencv_core243.lib opencv_features2d243.lib opencv_flann243.lib opencv_gpu243.lib opencv_haartraining_engine.lib opencv_highgui243.lib opencv_imgproc243.lib opencv_legacy243.lib opencv_ml243.lib opencv_nonfree243.lib opencv_objdetect243.lib opencv_photo243.lib opencv_stitching243.lib opencv_ts243.lib opencv_video243.lib opencv_videostab243.lib kernel32.lib user32.lib gdi32.lib winspool.lib comdlg32.lib advapi32.lib shell32.lib ole32.lib oleaut32.lib uuid.lib odbc32.lib odbccp32.lib /MANIFEST /ManifestFile:"Release\MarkerAR.exe.intermediate.manifest" /MANIFESTUAC:"level='asInvoker' uiAccess='false'" /DEBUG /PDB:"D:\paopaoTalk\MarkerLessAR_ygx\MarkerlessAR\Release\MarkerAR.pdb" /SUBSYSTEM:CONSOLE /OPT:REF /OPT:ICF /LTCG /TLBID:1 /DYNAMICBASE /NXCOMPAT /IMPLIB:"D:\paopaoTalk\MarkerLessAR_ygx\MarkerlessAR\Release\MarkerAR.lib" /MACHINE:X86 Release\main.obj
         Generating code
         Finished generating code
         MarkerAR.vcxproj -> D:\paopaoTalk\MarkerLessAR_ygx\MarkerlessAR\Release\MarkerAR.exe
       Manifest:
         C:\Program Files (x86)\Microsoft SDKs\Windows\v7.0A\bin\mt.exe /nologo /verbose /outputresource:"D:\paopaoTalk\MarkerLessAR_ygx\MarkerlessAR\Release\MarkerAR.exe;#1" /manifest Release\MarkerAR.exe.intermediate.manifest
       FinalizeBuildStatus:
         Deleting file "Release\MarkerAR.unsuccessfulbuild".
         Touching "Release\MarkerAR.lastbuildstate".
     1>Done Building Project "D:\paopaoTalk\MarkerLessAR_ygx\MarkerlessAR\MarkerAR\MarkerAR.vcxproj" (build target(s)).

Build succeeded.

Time Elapsed 00:00:01.73
